2026-03-21 15:56:54,368 | INFO | yt-dlp version: 2026.03.13 OK
2026-03-21 15:56:54,369 | INFO | Using cloud Bot API  (limit: 50.0 MB)
2026-03-21 15:57:11,770 | INFO | yt-dlp version: 2026.03.13 OK
2026-03-21 15:57:11,770 | INFO | Using cloud Bot API  (limit: 50.0 MB)
2026-03-21 15:57:13,100 | INFO | Cache index loaded: 1 songs
2026-03-21 15:57:13,100 | INFO | POLLING mode
2026-03-21 15:57:13,664 | INFO | HTTP Request: POST https://api.telegram.org/bot8789670556:AAE3hzh9JBtu2NpizQJz4paXzm6ZHLFZjl4/getMe "HTTP/1.1 200 OK"
2026-03-21 15:57:13,667 | INFO | Worker 1 online
2026-03-21 15:57:13,667 | INFO | Worker 2 online
2026-03-21 15:57:13,667 | INFO | Worker 3 online
2026-03-21 15:57:13,992 | INFO | HTTP Request: POST https://api.telegram.org/bot8789670556:AAE3hzh9JBtu2NpizQJz4paXzm6ZHLFZjl4/setMyCommands "HTTP/1.1 200 OK"
2026-03-21 15:57:14,009 | INFO | NEXUS-DL v3.1 online | workers=3 | oauth2=no | cookies=no | po_token=no | proxy=no
2026-03-21 15:57:14,357 | INFO | HTTP Request: POST https://api.telegram.org/bot8789670556:AAE3hzh9JBtu2NpizQJz4paXzm6ZHLFZjl4/deleteWebhook "HTTP/1.1 200 OK"
2026-03-21 15:57:14,359 | INFO | Application started
2026-03-21 15:57:21,440 | INFO | HTTP Request: POST https://api.telegram.org/bot8789670556:AAE3hzh9JBtu2NpizQJz4paXzm6ZHLFZjl4/getUpdates "HTTP/1.1 200 OK"
2026-03-21 15:57:21,442 | INFO | Application is stopping. This might take a moment.
2026-03-21 15:57:21,443 | INFO | Application.stop() complete
2026-03-21 15:57:21,500 | ERROR | Task was destroyed but it is pending!
task: <Task pending name='Task-5' coro=<worker() running at C:\D\Projects\Youtube to MP3 Bot\main.py:1347> wait_for=<Future pending cb=[Task.task_wakeup()]>>
2026-03-21 15:57:21,500 | ERROR | Task was destroyed but it is pending!
task: <Task pending name='Task-6' coro=<worker() running at C:\D\Projects\Youtube to MP3 Bot\main.py:1347> wait_for=<Future pending cb=[Task.task_wakeup()]>>
2026-03-21 15:57:21,501 | ERROR | Task was destroyed but it is pending!
task: <Task pending name='Task-7' coro=<worker() running at C:\D\Projects\Youtube to MP3 Bot\main.py:1347> wait_for=<Future pending cb=[Task.task_wakeup()]>>
2026-03-21 15:57:21,502 | ERROR | Worker 1 crash: Event loop is closed
Traceback (most recent call last):
  File "C:\Python314\Lib\asyncio\queues.py", line 186, in get
GeneratorExit

During handling of the above exception, another exception occurred:

Traceback (most recent call last):
  File "C:\D\Projects\Youtube to MP3 Bot\main.py", line 1347, in worker
    query, typ, quality, url, msg = await download_queue.get()
                                    ^^^^^^^^^^^^^^^^^^^^^^^^^^
  File "C:\Python314\Lib\asyncio\queues.py", line 188, in get
  File "C:\Python314\Lib\asyncio\base_events.py", line 827, in call_soon
    self._check_closed()
  File "C:\Python314\Lib\asyncio\base_events.py", line 550, in _check_closed
    raise RuntimeError('Event loop is closed')
RuntimeError: Event loop is closed
2026-03-21 15:57:21,507 | ERROR | Worker 2 crash: Event loop is closed
Traceback (most recent call last):
  File "C:\Python314\Lib\asyncio\queues.py", line 186, in get
GeneratorExit

During handling of the above exception, another exception occurred:

Traceback (most recent call last):
  File "C:\D\Projects\Youtube to MP3 Bot\main.py", line 1347, in worker
    query, typ, quality, url, msg = await download_queue.get()
                                    ^^^^^^^^^^^^^^^^^^^^^^^^^^
  File "C:\Python314\Lib\asyncio\queues.py", line 188, in get
  File "C:\Python314\Lib\asyncio\base_events.py", line 827, in call_soon
    self._check_closed()
  File "C:\Python314\Lib\asyncio\base_events.py", line 550, in _check_closed
    raise RuntimeError('Event loop is closed')
RuntimeError: Event loop is closed
2026-03-21 15:57:21,509 | ERROR | Worker 3 crash: Event loop is closed
Traceback (most recent call last):
  File "C:\Python314\Lib\asyncio\queues.py", line 186, in get
GeneratorExit

During handling of the above exception, another exception occurred:

Traceback (most recent call last):
  File "C:\D\Projects\Youtube to MP3 Bot\main.py", line 1347, in worker
    query, typ, quality, url, msg = await download_queue.get()
                                    ^^^^^^^^^^^^^^^^^^^^^^^^^^
  File "C:\Python314\Lib\asyncio\queues.py", line 188, in get
  File "C:\Python314\Lib\asyncio\base_events.py", line 827, in call_soon
    self._check_closed()
  File "C:\Python314\Lib\asyncio\base_events.py", line 550, in _check_closed
    raise RuntimeError('Event loop is closed')
RuntimeError: Event loop is closed
2026-03-21 15:57:27,316 | INFO | yt-dlp version: 2026.03.13 OK
2026-03-21 15:57:27,317 | INFO | Using cloud Bot API  (limit: 50.0 MB)
2026-03-21 15:59:03,193 | INFO | yt-dlp version: 2026.03.13 OK
2026-03-21 15:59:03,194 | INFO | Using cloud Bot API  (limit: 50.0 MB)
2026-03-21 15:59:04,255 | INFO | Cache index loaded: 1 songs
2026-03-21 15:59:04,257 | INFO | POLLING mode
2026-03-21 15:59:04,787 | INFO | HTTP Request: POST https://api.telegram.org/bot8789670556:AAE3hzh9JBtu2NpizQJz4paXzm6ZHLFZjl4/getMe "HTTP/1.1 200 OK"
2026-03-21 15:59:04,789 | INFO | Worker 1 online
2026-03-21 15:59:04,790 | INFO | Worker 2 online
2026-03-21 15:59:04,790 | INFO | Worker 3 online
2026-03-21 15:59:05,111 | INFO | HTTP Request: POST https://api.telegram.org/bot8789670556:AAE3hzh9JBtu2NpizQJz4paXzm6ZHLFZjl4/setMyCommands "HTTP/1.1 200 OK"
2026-03-21 15:59:05,118 | INFO | NEXUS-DL v3.1 online | workers=3 | oauth2=no | cookies=no | po_token=no | proxy=no
2026-03-21 15:59:05,283 | INFO | HTTP Request: POST https://api.telegram.org/bot8789670556:AAE3hzh9JBtu2NpizQJz4paXzm6ZHLFZjl4/deleteWebhook "HTTP/1.1 200 OK"
2026-03-21 15:59:05,285 | INFO | Application started
2026-03-21 15:59:15,763 | INFO | HTTP Request: POST https://api.telegram.org/bot8789670556:AAE3hzh9JBtu2NpizQJz4paXzm6ZHLFZjl4/getUpdates "HTTP/1.1 200 OK"
2026-03-21 15:59:22,418 | INFO | HTTP Request: POST https://api.telegram.org/bot8789670556:AAE3hzh9JBtu2NpizQJz4paXzm6ZHLFZjl4/getUpdates "HTTP/1.1 200 OK"
2026-03-21 15:59:22,489 | INFO | Application is stopping. This might take a moment.
2026-03-21 15:59:22,508 | INFO | Application.stop() complete
2026-03-21 15:59:22,617 | ERROR | Task was destroyed but it is pending!
task: <Task pending name='Task-5' coro=<worker() running at c:\D\Projects\Youtube to MP3 Bot\tempCodeRunnerFile.py:1347> wait_for=<Future pending cb=[Task.task_wakeup()]>>
2026-03-21 15:59:22,618 | ERROR | Task was destroyed but it is pending!
task: <Task pending name='Task-6' coro=<worker() running at c:\D\Projects\Youtube to MP3 Bot\tempCodeRunnerFile.py:1347> wait_for=<Future pending cb=[Task.task_wakeup()]>>
2026-03-21 15:59:22,618 | ERROR | Task was destroyed but it is pending!
task: <Task pending name='Task-7' coro=<worker() running at c:\D\Projects\Youtube to MP3 Bot\tempCodeRunnerFile.py:1347> wait_for=<Future pending cb=[Task.task_wakeup()]>>
2026-03-21 15:59:22,618 | ERROR | Worker 1 crash: Event loop is closed
Traceback (most recent call last):
  File "C:\Python314\Lib\asyncio\queues.py", line 186, in get
GeneratorExit

During handling of the above exception, another exception occurred:

Traceback (most recent call last):
  File "c:\D\Projects\Youtube to MP3 Bot\tempCodeRunnerFile.py", line 1347, in worker
    query, typ, quality, url, msg = await download_queue.get()
                                    ^^^^^^^^^^^^^^^^^^^^^^^^^^
  File "C:\Python314\Lib\asyncio\queues.py", line 188, in get
  File "C:\Python314\Lib\asyncio\base_events.py", line 827, in call_soon
    self._check_closed()
  File "C:\Python314\Lib\asyncio\base_events.py", line 550, in _check_closed
    raise RuntimeError('Event loop is closed')
RuntimeError: Event loop is closed
2026-03-21 15:59:22,619 | ERROR | Worker 2 crash: Event loop is closed
Traceback (most recent call last):
  File "C:\Python314\Lib\asyncio\queues.py", line 186, in get
GeneratorExit

During handling of the above exception, another exception occurred:

Traceback (most recent call last):
  File "c:\D\Projects\Youtube to MP3 Bot\tempCodeRunnerFile.py", line 1347, in worker
    query, typ, quality, url, msg = await download_queue.get()
                                    ^^^^^^^^^^^^^^^^^^^^^^^^^^
  File "C:\Python314\Lib\asyncio\queues.py", line 188, in get
  File "C:\Python314\Lib\asyncio\base_events.py", line 827, in call_soon
    self._check_closed()
  File "C:\Python314\Lib\asyncio\base_events.py", line 550, in _check_closed
    raise RuntimeError('Event loop is closed')
RuntimeError: Event loop is closed
2026-03-21 15:59:22,620 | ERROR | Worker 3 crash: Event loop is closed
Traceback (most recent call last):
  File "C:\Python314\Lib\asyncio\queues.py", line 186, in get
GeneratorExit

During handling of the above exception, another exception occurred:

Traceback (most recent call last):
  File "c:\D\Projects\Youtube to MP3 Bot\tempCodeRunnerFile.py", line 1347, in worker
    query, typ, quality, url, msg = await download_queue.get()
                                    ^^^^^^^^^^^^^^^^^^^^^^^^^^
  File "C:\Python314\Lib\asyncio\queues.py", line 188, in get
  File "C:\Python314\Lib\asyncio\base_events.py", line 827, in call_soon
    self._check_closed()
  File "C:\Python314\Lib\asyncio\base_events.py", line 550, in _check_closed
    raise RuntimeError('Event loop is closed')
RuntimeError: Event loop is closed
2026-03-21 16:01:08,163 | INFO | yt-dlp version: 2026.03.13 OK
2026-03-21 16:01:08,164 | INFO | Using cloud Bot API  (limit: 50.0 MB)
2026-03-21 16:01:09,195 | INFO | Cache index loaded: 1 songs
2026-03-21 16:01:09,195 | INFO | POLLING mode
2026-03-21 16:01:09,772 | INFO | HTTP Request: POST https://api.telegram.org/bot8789670556:AAE3hzh9JBtu2NpizQJz4paXzm6ZHLFZjl4/getMe "HTTP/1.1 200 OK"
2026-03-21 16:01:09,775 | INFO | Worker 1 online
2026-03-21 16:01:09,775 | INFO | Worker 2 online
2026-03-21 16:01:09,775 | INFO | Worker 3 online
2026-03-21 16:01:10,092 | INFO | HTTP Request: POST https://api.telegram.org/bot8789670556:AAE3hzh9JBtu2NpizQJz4paXzm6ZHLFZjl4/setMyCommands "HTTP/1.1 200 OK"
2026-03-21 16:01:10,096 | INFO | NEXUS-DL v3.1 online | workers=3 | oauth2=no | cookies=no | po_token=no | proxy=no
2026-03-21 16:01:10,261 | INFO | HTTP Request: POST https://api.telegram.org/bot8789670556:AAE3hzh9JBtu2NpizQJz4paXzm6ZHLFZjl4/deleteWebhook "HTTP/1.1 200 OK"
2026-03-21 16:01:10,263 | INFO | Application started
2026-03-21 16:01:20,724 | INFO | HTTP Request: POST https://api.telegram.org/bot8789670556:AAE3hzh9JBtu2NpizQJz4paXzm6ZHLFZjl4/getUpdates "HTTP/1.1 200 OK"
2026-03-21 16:01:27,117 | INFO | HTTP Request: POST https://api.telegram.org/bot8789670556:AAE3hzh9JBtu2NpizQJz4paXzm6ZHLFZjl4/getUpdates "HTTP/1.1 200 OK"
2026-03-21 16:01:27,824 | INFO | HTTP Request: POST https://api.telegram.org/bot8789670556:AAE3hzh9JBtu2NpizQJz4paXzm6ZHLFZjl4/sendMessage "HTTP/1.1 200 OK"
2026-03-21 16:01:28,187 | INFO | HTTP Request: POST https://api.telegram.org/bot8789670556:AAE3hzh9JBtu2NpizQJz4paXzm6ZHLFZjl4/sendMessage "HTTP/1.1 200 OK"
2026-03-21 16:01:37,282 | INFO | HTTP Request: POST https://api.telegram.org/bot8789670556:AAE3hzh9JBtu2NpizQJz4paXzm6ZHLFZjl4/getUpdates "HTTP/1.1 200 OK"
2026-03-21 16:01:47,477 | INFO | HTTP Request: POST https://api.telegram.org/bot8789670556:AAE3hzh9JBtu2NpizQJz4paXzm6ZHLFZjl4/getUpdates "HTTP/1.1 200 OK"
2026-03-21 16:01:51,632 | INFO | HTTP Request: POST https://api.telegram.org/bot8789670556:AAE3hzh9JBtu2NpizQJz4paXzm6ZHLFZjl4/getUpdates "HTTP/1.1 200 OK"
2026-03-21 16:01:52,307 | INFO | HTTP Request: POST https://api.telegram.org/bot8789670556:AAE3hzh9JBtu2NpizQJz4paXzm6ZHLFZjl4/sendMessage "HTTP/1.1 200 OK"
2026-03-21 16:01:52,664 | INFO | HTTP Request: POST https://api.telegram.org/bot8789670556:AAE3hzh9JBtu2NpizQJz4paXzm6ZHLFZjl4/editMessageText "HTTP/1.1 200 OK"
2026-03-21 16:01:53,673 | INFO | HTTP Request: POST https://api.telegram.org/bot8789670556:AAE3hzh9JBtu2NpizQJz4paXzm6ZHLFZjl4/editMessageText "HTTP/1.1 200 OK"
2026-03-21 16:01:54,700 | INFO | HTTP Request: POST https://api.telegram.org/bot8789670556:AAE3hzh9JBtu2NpizQJz4paXzm6ZHLFZjl4/editMessageText "HTTP/1.1 200 OK"
2026-03-21 16:01:55,763 | INFO | HTTP Request: POST https://api.telegram.org/bot8789670556:AAE3hzh9JBtu2NpizQJz4paXzm6ZHLFZjl4/editMessageText "HTTP/1.1 200 OK"
2026-03-21 16:01:56,748 | INFO | HTTP Request: POST https://api.telegram.org/bot8789670556:AAE3hzh9JBtu2NpizQJz4paXzm6ZHLFZjl4/deleteMessage "HTTP/1.1 200 OK"
2026-03-21 16:01:57,130 | INFO | HTTP Request: POST https://api.telegram.org/bot8789670556:AAE3hzh9JBtu2NpizQJz4paXzm6ZHLFZjl4/sendPhoto "HTTP/1.1 200 OK"
2026-03-21 16:01:59,088 | INFO | HTTP Request: POST https://api.telegram.org/bot8789670556:AAE3hzh9JBtu2NpizQJz4paXzm6ZHLFZjl4/getUpdates "HTTP/1.1 200 OK"
2026-03-21 16:01:59,413 | INFO | HTTP Request: POST https://api.telegram.org/bot8789670556:AAE3hzh9JBtu2NpizQJz4paXzm6ZHLFZjl4/answerCallbackQuery "HTTP/1.1 200 OK"
2026-03-21 16:01:59,761 | INFO | HTTP Request: POST https://api.telegram.org/bot8789670556:AAE3hzh9JBtu2NpizQJz4paXzm6ZHLFZjl4/editMessageCaption "HTTP/1.1 200 OK"
2026-03-21 16:02:00,116 | INFO | HTTP Request: POST https://api.telegram.org/bot8789670556:AAE3hzh9JBtu2NpizQJz4paXzm6ZHLFZjl4/sendMessage "HTTP/1.1 200 OK"
2026-03-21 16:02:03,669 | INFO | HTTP Request: POST https://api.telegram.org/bot8789670556:AAE3hzh9JBtu2NpizQJz4paXzm6ZHLFZjl4/editMessageText "HTTP/1.1 200 OK"
2026-03-21 16:02:09,245 | INFO | HTTP Request: POST https://api.telegram.org/bot8789670556:AAE3hzh9JBtu2NpizQJz4paXzm6ZHLFZjl4/getUpdates "HTTP/1.1 200 OK"
2026-03-21 16:02:13,070 | INFO | HTTP Request: POST https://api.telegram.org/bot8789670556:AAE3hzh9JBtu2NpizQJz4paXzm6ZHLFZjl4/editMessageText "HTTP/1.1 200 OK"
2026-03-21 16:02:15,127 | INFO | Cached 5c55082a3b8a_mp3_128 -> index updated (2 entries for 'Multifandom __ HandClap (ft.Fitz and The Tantrums)')
2026-03-21 16:02:19,403 | INFO | HTTP Request: POST https://api.telegram.org/bot8789670556:AAE3hzh9JBtu2NpizQJz4paXzm6ZHLFZjl4/getUpdates "HTTP/1.1 200 OK"
2026-03-21 16:02:24,894 | INFO | HTTP Request: POST https://api.telegram.org/bot8789670556:AAE3hzh9JBtu2NpizQJz4paXzm6ZHLFZjl4/sendAudio "HTTP/1.1 200 OK"
2026-03-21 16:02:25,239 | INFO | HTTP Request: POST https://api.telegram.org/bot8789670556:AAE3hzh9JBtu2NpizQJz4paXzm6ZHLFZjl4/deleteMessage "HTTP/1.1 200 OK"
2026-03-21 16:02:29,578 | INFO | HTTP Request: POST https://api.telegram.org/bot8789670556:AAE3hzh9JBtu2NpizQJz4paXzm6ZHLFZjl4/getUpdates "HTTP/1.1 200 OK"
2026-03-21 16:02:39,729 | INFO | HTTP Request: POST https://api.telegram.org/bot8789670556:AAE3hzh9JBtu2NpizQJz4paXzm6ZHLFZjl4/getUpdates "HTTP/1.1 200 OK"
2026-03-21 16:02:49,885 | INFO | HTTP Request: POST https://api.telegram.org/bot8789670556:AAE3hzh9JBtu2NpizQJz4paXzm6ZHLFZjl4/getUpdates "HTTP/1.1 200 OK"
2026-03-21 16:03:00,077 | INFO | HTTP Request: POST https://api.telegram.org/bot8789670556:AAE3hzh9JBtu2NpizQJz4paXzm6ZHLFZjl4/getUpdates "HTTP/1.1 200 OK"
2026-03-21 16:03:10,234 | INFO | HTTP Request: POST https://api.telegram.org/bot8789670556:AAE3hzh9JBtu2NpizQJz4paXzm6ZHLFZjl4/getUpdates "HTTP/1.1 200 OK"
2026-03-21 16:03:20,401 | INFO | HTTP Request: POST https://api.telegram.org/bot8789670556:AAE3hzh9JBtu2NpizQJz4paXzm6ZHLFZjl4/getUpdates "HTTP/1.1 200 OK"
